<?xml version="1.0" encoding="UTF-8"?>
<beans xmlns="http://www.springframework.org/schema/beans"
	xmlns:xsi="http://www.w3.org/2001/XMLSchema-instance" xmlns:p="http://www.springframework.org/schema/p"
	xmlns:context="http://www.springframework.org/schema/context"
	xmlns:jee="http://www.springframework.org/schema/jee" xmlns:tx="http://www.springframework.org/schema/tx"
	xmlns:aop="http://www.springframework.org/schema/aop"
	xsi:schemaLocation="  
            http://www.springframework.org/schema/beans http://www.springframework.org/schema/beans/spring-beans.xsd  
            http://www.springframework.org/schema/context http://www.springframework.org/schema/context/spring-context.xsd">

	<bean id="jedisPoolConfig" class="redis.clients.jedis.JedisPoolConfig">
		<property name="maxTotal" value="${redis.maxTotal:100}" />
		<property name="maxIdle" value="${redis.maxIdle:20}" />
		<property name="maxWaitMillis" value="${redis.maxWaitMillis:1000}" />
		<property name="testOnBorrow" value="${redis.testOnBorrow:true}" />
	</bean>

	<bean id="jedisFactory"
		class="org.springframework.data.redis.connection.jedis.JedisConnectionFactory">
		<property name="hostName" value="${redis.host}" />
		<property name="port" value="${redis.port}" />
		<property name="usePool" value="true" />
		<property name="poolConfig" ref="jedisPoolConfig" />
	</bean>

	<bean id="redisTemplate" class="org.springframework.data.redis.core.RedisTemplate">
		<property name="connectionFactory" ref="jedisFactory" />
		<property name="keySerializer">
			<bean class="org.springframework.data.redis.serializer.StringRedisSerializer"></bean>
		</property>
		<property name="hashKeySerializer">
			<bean class="org.springframework.data.redis.serializer.StringRedisSerializer"></bean>
		</property>
	</bean>
</beans>
